<?xml version="1.0" encoding="UTF-8"?>
<!-- Generated by org.testng.reporters.JUnitReportReporter -->
<testsuite hostname="Whitepearl" failures="0" tests="4" name="api.test.UserTests2" time="3.435" errors="0" timestamp="2022-08-17T14:26:59 EDT" skipped="0">
  <testcase classname="api.test.UserTests2" name="testPostUser" time="2.501"/>
  <system-out/>
  <testcase classname="api.test.UserTests2" name="testGetUser" time="0.251"/>
  <system-out/>
  <testcase classname="api.test.UserTests2" name="testUpdateUserByName" time="0.495"/>
  <system-out/>
  <testcase classname="api.test.UserTests2" name="testDeleteUserBYName" time="0.188"/>
  <system-out/>
</testsuite> <!-- api.test.UserTests2 -->
