<?xml version="1.0" encoding="UTF-8"?>
<!-- Generated by org.testng.reporters.JUnitReportReporter -->
<testsuite hostname="Whitepearl" failures="0" tests="6" name="api.test.DataDrivenTests" time="2.776" errors="0" timestamp="2022-08-16T11:24:55 EDT" skipped="0">
  <testcase classname="api.test.DataDrivenTests" name="testPostUser" time="1.662"/>
  <system-out/>
  <testcase classname="api.test.DataDrivenTests" name="testPostUser" time="0.235"/>
  <system-out/>
  <testcase classname="api.test.DataDrivenTests" name="testPostUser" time="0.203"/>
  <system-out/>
  <testcase classname="api.test.DataDrivenTests" name="testDeleteUserByName" time="0.191"/>
  <system-out/>
  <testcase classname="api.test.DataDrivenTests" name="testDeleteUserByName" time="0.288"/>
  <system-out/>
  <testcase classname="api.test.DataDrivenTests" name="testDeleteUserByName" time="0.197"/>
  <system-out/>
</testsuite> <!-- api.test.DataDrivenTests -->
