<?xml version="1.0" encoding="UTF-8"?>
<!-- Generated by org.testng.reporters.JUnitReportReporter -->
<testsuite hostname="Whitepearl" failures="0" tests="4" name="api.test.UserTests" time="2.726" errors="0" timestamp="2022-08-16T12:14:26 EDT" skipped="0">
  <testcase classname="api.test.UserTests" name="testPostUser" time="1.860"/>
  <system-out/>
  <testcase classname="api.test.UserTests" name="testGetUser" time="0.229"/>
  <system-out/>
  <testcase classname="api.test.UserTests" name="testUpdateUserByName" time="0.448"/>
  <system-out/>
  <testcase classname="api.test.UserTests" name="testDeleteUserBYName" time="0.189"/>
  <system-out/>
</testsuite> <!-- api.test.UserTests -->
