<?xml version="1.0" encoding="UTF-8"?>
<!-- Generated by org.testng.reporters.JUnitReportReporter -->
<testsuite hostname="Whitepearl" failures="0" tests="4" name="api.test.UserTests2" time="2.672" errors="0" timestamp="2022-08-24T10:08:39 EDT" skipped="0">
  <testcase classname="api.test.UserTests2" name="testPostUser" time="1.777"/>
  <system-out/>
  <testcase classname="api.test.UserTests2" name="testGetUser" time="0.240"/>
  <system-out/>
  <testcase classname="api.test.UserTests2" name="testUpdateUserByName" time="0.449"/>
  <system-out/>
  <testcase classname="api.test.UserTests2" name="testDeleteUserBYName" time="0.206"/>
  <system-out/>
</testsuite> <!-- api.test.UserTests2 -->
