<?xml version="1.0" encoding="UTF-8"?>
<!-- Generated by org.testng.reporters.JUnitReportReporter -->
<testsuite hostname="Whitepearl" failures="0" tests="4" name="api.test.UserTests2" time="3.894" errors="0" timestamp="2022-08-19T10:30:32 EDT" skipped="0">
  <testcase classname="api.test.UserTests2" name="testPostUser" time="2.846"/>
  <system-out/>
  <testcase classname="api.test.UserTests2" name="testGetUser" time="0.325"/>
  <system-out/>
  <testcase classname="api.test.UserTests2" name="testUpdateUserByName" time="0.510"/>
  <system-out/>
  <testcase classname="api.test.UserTests2" name="testDeleteUserBYName" time="0.213"/>
  <system-out/>
</testsuite> <!-- api.test.UserTests2 -->
