<?xml version="1.0" encoding="UTF-8"?>
<!-- Generated by org.testng.reporters.JUnitReportReporter -->
<testsuite hostname="Whitepearl" failures="0" tests="4" name="api.test.UserTests2" time="3.253" errors="0" timestamp="2022-08-24T10:12:45 EDT" skipped="0">
  <testcase classname="api.test.UserTests2" name="testPostUser" time="2.317"/>
  <system-out/>
  <testcase classname="api.test.UserTests2" name="testGetUser" time="0.262"/>
  <system-out/>
  <testcase classname="api.test.UserTests2" name="testUpdateUserByName" time="0.480"/>
  <system-out/>
  <testcase classname="api.test.UserTests2" name="testDeleteUserBYName" time="0.194"/>
  <system-out/>
</testsuite> <!-- api.test.UserTests2 -->
