<?xml version="1.0" encoding="UTF-8"?>
<!-- Generated by org.testng.reporters.JUnitReportReporter -->
<testsuite hostname="Whitepearl" failures="0" tests="3" name="api.test.StoreTests" time="0.657" errors="0" timestamp="2022-08-24T10:12:45 EDT" skipped="0">
  <testcase classname="api.test.StoreTests" name="testPostStore" time="0.208"/>
  <system-out/>
  <testcase classname="api.test.StoreTests" name="testGetId" time="0.187"/>
  <system-out/>
  <testcase classname="api.test.StoreTests" name="testDeleteId" time="0.262"/>
  <system-out/>
</testsuite> <!-- api.test.StoreTests -->
